<?xml version="1.0" encoding="UTF-8" ?>
<testsuite tests="10" failures="0" name="dao.UserTest" time="0.035" errors="0" skipped="0">
  <properties>
[...]
</properties>
  <testcase classname="dao.UserTest" name="dao.UserTest.testGetNombre" time="0.035"/>
  <testcase classname="dao.UserTest" name="dao.UserTest.testSetNombre" time="0"/>
  <testcase classname="dao.UserTest" name="dao.UserTest.testGetId" time="0"/>
  <testcase classname="dao.UserTest" name="dao.UserTest.testGetApellidos" time="0"/>
  <testcase classname="dao.UserTest" name="dao.UserTest.testSetPassword" time="0"/>
  <testcase classname="dao.UserTest" name="dao.UserTest.testSetApellidos" time="0"/>
  <testcase classname="dao.UserTest" name="dao.UserTest.testGetCorreo" time="0"/>
  <testcase classname="dao.UserTest" name="dao.UserTest.testSetCorreo" time="0"/>
  <testcase classname="dao.UserTest" name="dao.UserTest.testSetId" time="0"/>
  <testcase classname="dao.UserTest" name="dao.UserTest.testGetPassword" time="0"/>
</testsuite>